#
# A fatal error has been detected by the Java Runtime Environment:
#
#  SIGBUS (0xa) at pc=0x000070000a0ee820, pid=15398, tid=0x0000000000005303
#
# JRE version: OpenJDK Runtime Environment (8.0_152-b06) (build 1.8.0_152-release-1136-b06)
# Java VM: OpenJDK 64-Bit Server VM (25.152-b06 mixed mode bsd-amd64 compressed oops)
# Problematic frame:
# C  0x000070000a0ee820
#
# Failed to write core dump. Core dumps have been disabled. To enable core dumping, try "ulimit -c unlimited" before starting Java again
#
# If you would like to submit a bug report, please visit:
#   http://bugreport.java.com/bugreport/crash.jsp
#

---------------  T H R E A D  ---------------

Current thread (0x00007fc2a0004000):  VMThread [stack: 0x0000700009fef000,0x000070000a0ef000] [id=21251]

siginfo: si_signo: 10 (SIGBUS), si_code: 2 (BUS_ADRERR), si_addr: 0x000070000a0ee820

Registers:
RAX=0x0000000000000001, RBX=0x0000000002600000, RCX=0x00007fc29f702e90, RDX=0x0000000000000001
RSP=0x000070000a0ee7c8, RBP=0x0000000011f80000, RSI=0x000000010582be20, RDI=0x00007fc29f702cc0
R8 =0x000000000000000c, R9 =0x0000000000000000, R10=0x0000000105816510, R11=0x00007fc2a059d820
R12=0x0000000000000000, R13=0x00007fc29f702cc0, R14=0x0000000105803830, R15=0x0000000011f80000
RIP=0x000070000a0ee820, EFLAGS=0x0000000000010212, ERR=0x0000000000000015
  TRAPNO=0x000000000000000e

Top of Stack: (sp=0x000070000a0ee7c8)
0x000070000a0ee7c8:   000000010549262b 0000000000000062
0x000070000a0ee7d8:   0000000000000000 460000009f702f30
0x000070000a0ee7e8:   000000001df00000 0000000011f80000
0x000070000a0ee7f8:   00007fc29f702cc0 00007fc29f404af0
0x000070000a0ee808:   000000010582cb00 000000001df00000
0x000070000a0ee818:   0000000011f80000 000070000a0eeb00
0x000070000a0ee828:   00000001054a10c0 0000000000000000
0x000070000a0ee838:   000070000c0c0100 0000000000000000
0x000070000a0ee848:   0000000000000000 0000000000000000
0x000070000a0ee858:   00007fc29f50afc0 4cf8d2ccbc610000
0x000070000a0ee868:   000070000a0eea48 00007fc2a1000100
0x000070000a0ee878:   0000000000000000 0000000000000000
0x000070000a0ee888:   00007fc29f50eb50 00007fc29f7070b0
0x000070000a0ee898:   00007fc29f7070c0 00007fc29f707498
0x000070000a0ee8a8:   00000000000003d8 000000cdffffffff
0x000070000a0ee8b8:   0000000000000018 0000000000000656
0x000070000a0ee8c8:   0000000000000517 000000000000002a
0x000070000a0ee8d8:   00007fc2a0004000 00007fc29f50eb80
0x000070000a0ee8e8:   00007fc29f50ebc0 00007fc29f50ebd0
0x000070000a0ee8f8:   00007fc29f50eca8 00000000000000d8
0x000070000a0ee908:   000070000a0eecc8 0101010101010100
0x000070000a0ee918:   000000000000000e 00000001055d8011
0x000070000a0ee928:   00007fc29f500000 000000010582cb18
0x000070000a0ee938:   000002cdcebea574 0000000000000000
0x000070000a0ee948:   000002cdb4f6588f 0000000032aaab01
0x000070000a0ee958:   00007fc29f709140 0000000000000000
0x000070000a0ee968:   00007fc29f7090e0 00007fc29f709050
0x000070000a0ee978:   000002cdb4a97200 00007fc29f702cc0
0x000070000a0ee988:   0000000000000000 0000000105815510
0x000070000a0ee998:   00007fc2a1026d00 000000001477b988
0x000070000a0ee9a8:   0000000000412e25 00000000126e4860
0x000070000a0ee9b8:   0000000105815568 0000700000000000 

Instructions: (pc=0x000070000a0ee820)
0x000070000a0ee800:   f0 4a 40 9f c2 7f 00 00 00 cb 82 05 01 00 00 00
0x000070000a0ee810:   00 00 f0 1d 00 00 00 00 00 00 f8 11 00 00 00 00
0x000070000a0ee820:   00 eb 0e 0a 00 70 00 00 c0 10 4a 05 01 00 00 00
0x000070000a0ee830:   00 00 00 00 00 00 00 00 00 01 0c 0c 00 70 00 00 

Register to memory mapping:

RAX=0x0000000000000001 is an unknown value
RBX=0x0000000002600000 is an unknown value
RCX=0x00007fc29f702e90 is an unknown value
RDX=0x0000000000000001 is an unknown value
RSP=0x000070000a0ee7c8 is an unknown value
RBP=0x0000000011f80000 is an unknown value
RSI=0x000000010582be20: _ZN2os3Bsd12_max_abstimeE+0 in /Applications/Android Studio.app/Contents/jre/jdk/Contents/Home/jre/lib/server/libjvm.dylib at 0x0000000105000000
RDI=0x00007fc29f702cc0 is an unknown value
R8 =0x000000000000000c is an unknown value
R9 =0x0000000000000000 is an unknown value
R10=0x0000000105816510: _ZN8Universe13_narrow_klassE+0 in /Applications/Android Studio.app/Contents/jre/jdk/Contents/Home/jre/lib/server/libjvm.dylib at 0x0000000105000000
R11=0x00007fc2a059d820 is an unknown value
R12=0x0000000000000000 is an unknown value
R13=0x00007fc29f702cc0 is an unknown value
R14=0x0000000105803830: AdaptiveSizeMajorGCDecayTimeScale+0 in /Applications/Android Studio.app/Contents/jre/jdk/Contents/Home/jre/lib/server/libjvm.dylib at 0x0000000105000000
R15=0x0000000011f80000 is an unknown value


Stack: [0x0000700009fef000,0x000070000a0ef000],  sp=0x000070000a0ee7c8,  free space=1021k
Native frames: (J=compiled Java code, j=interpreted, Vv=VM code, C=native code)
C  0x000070000a0ee820
