#
# A fatal error has been detected by the Java Runtime Environment:
#
#  SIGBUS (0xa) at pc=0x000070000944a820, pid=18008, tid=0x0000000000005103
#
# JRE version: OpenJDK Runtime Environment (8.0_152-b06) (build 1.8.0_152-release-1136-b06)
# Java VM: OpenJDK 64-Bit Server VM (25.152-b06 mixed mode bsd-amd64 compressed oops)
# Problematic frame:
# C  0x000070000944a820
#
# Failed to write core dump. Core dumps have been disabled. To enable core dumping, try "ulimit -c unlimited" before starting Java again
#
# If you would like to submit a bug report, please visit:
#   http://bugreport.java.com/bugreport/crash.jsp
#

---------------  T H R E A D  ---------------

Current thread (0x00007fe1d2829000):  VMThread [stack: 0x000070000934b000,0x000070000944b000] [id=20739]

siginfo: si_signo: 10 (SIGBUS), si_code: 2 (BUS_ADRERR), si_addr: 0x000070000944a820

Registers:
RAX=0x0000000000000001, RBX=0x0000000002c80000, RCX=0x00007fe1d2405290, RDX=0x0000000000000001
RSP=0x000070000944a7c8, RBP=0x0000000010f00000, RSI=0x000000010ee2be20, RDI=0x00007fe1d24050c0
R8 =0x000000000000000c, R9 =0x0000000000000000, R10=0x000000010ee16510, R11=0x00007fe1d37048e0
R12=0x0000000000000000, R13=0x00007fe1d24050c0, R14=0x000000010ee03830, R15=0x0000000010f00000
RIP=0x000070000944a820, EFLAGS=0x0000000000010212, ERR=0x0000000000000015
  TRAPNO=0x000000000000000e

Top of Stack: (sp=0x000070000944a7c8)
0x000070000944a7c8:   000000010ea9262b 0000000000000062
0x000070000944a7d8:   0000000000000000 49644980d2405330
0x000070000944a7e8:   000000001d600000 0000000010f00000
0x000070000944a7f8:   00007fe1d24050c0 00007fe1d26007a0
0x000070000944a808:   000000010ee2cb00 000000001d600000
0x000070000944a818:   0000000010f00000 000070000944ab00
0x000070000944a828:   000000010eaa10c0 0000000000000000
0x000070000944a838:   000070000a270100 0000000000000000
0x000070000944a848:   0000000000000000 0000000000000000
0x000070000944a858:   00007fe1d250dc90 e6819156004d0000
0x000070000944a868:   000070000944aa48 00007fe1d2800100
0x000070000944a878:   0000000000000000 0000000000000000
0x000070000944a888:   00007fe1d2518ff0 00007fe1d2600990
0x000070000944a898:   00007fe1d26009a0 00007fe1d2600d78
0x000070000944a8a8:   00000000000003d8 000000cdffffffff
0x000070000944a8b8:   0000000000000025 0000000000000108
0x000070000944a8c8:   0000000000000823 0000000000000010
0x000070000944a8d8:   00007fe1d2829000 00007fe1d2519470
0x000070000944a8e8:   00007fe1d25194b0 00007fe1d25194c0
0x000070000944a8f8:   00007fe1d2519598 00000000000000d8
0x000070000944a908:   000070000944acc8 0101010101010100
0x000070000944a918:   000070000000000e 000000010ebd8011
0x000070000944a928:   00007fff59820000 000000010ee2cb18
0x000070000944a938:   0000012da07a8991 0000000000000000
0x000070000944a948:   0000012d98d6b3a2 0000000032aaab01
0x000070000944a958:   00007fe1d25162c0 0000000000000000
0x000070000944a968:   00007fe1d2516380 00007fe1d2701bc0
0x000070000944a978:   0000012d98c88e86 00007fe1d24050c0
0x000070000944a988:   0000000000000000 000000010ee15510
0x000070000944a998:   00007fe1d280b100 00000000148e4fb8
0x000070000944a9a8:   00000000006fd399 00000000110fb2f0
0x000070000944a9b8:   000000010ee15568 0000700000000000 

Instructions: (pc=0x000070000944a820)
0x000070000944a800:   a0 07 60 d2 e1 7f 00 00 00 cb e2 0e 01 00 00 00
0x000070000944a810:   00 00 60 1d 00 00 00 00 00 00 f0 10 00 00 00 00
0x000070000944a820:   00 ab 44 09 00 70 00 00 c0 10 aa 0e 01 00 00 00
0x000070000944a830:   00 00 00 00 00 00 00 00 00 01 27 0a 00 70 00 00 

Register to memory mapping:

RAX=0x0000000000000001 is an unknown value
RBX=0x0000000002c80000 is an unknown value
RCX=0x00007fe1d2405290 is an unknown value
RDX=0x0000000000000001 is an unknown value
RSP=0x000070000944a7c8 is an unknown value
RBP=0x0000000010f00000 is an unknown value
RSI=0x000000010ee2be20: _ZN2os3Bsd12_max_abstimeE+0 in /Applications/Android Studio.app/Contents/jre/jdk/Contents/Home/jre/lib/server/libjvm.dylib at 0x000000010e600000
RDI=0x00007fe1d24050c0 is an unknown value
R8 =0x000000000000000c is an unknown value
R9 =0x0000000000000000 is an unknown value
R10=0x000000010ee16510: _ZN8Universe13_narrow_klassE+0 in /Applications/Android Studio.app/Contents/jre/jdk/Contents/Home/jre/lib/server/libjvm.dylib at 0x000000010e600000
R11=0x00007fe1d37048e0 is an unknown value
R12=0x0000000000000000 is an unknown value
R13=0x00007fe1d24050c0 is an unknown value
R14=0x000000010ee03830: AdaptiveSizeMajorGCDecayTimeScale+0 in /Applications/Android Studio.app/Contents/jre/jdk/Contents/Home/jre/lib/server/libjvm.dylib at 0x000000010e600000
R15=0x0000000010f00000 is an unknown value


Stack: [0x000070000934b000,0x000070000944b000],  sp=0x000070000944a7c8,  free space=1021k
Native frames: (J=compiled Java code, j=interpreted, Vv=VM code, C=native code)
C  0x000070000944a820
