#
# A fatal error has been detected by the Java Runtime Environment:
#
#  SIGBUS (0xa) at pc=0x0000700004a08820, pid=17090, tid=0x0000000000002d03
#
# JRE version: OpenJDK Runtime Environment (8.0_152-b06) (build 1.8.0_152-release-1136-b06)
# Java VM: OpenJDK 64-Bit Server VM (25.152-b06 mixed mode bsd-amd64 compressed oops)
# Problematic frame:
# C  0x0000700004a08820
#
# Failed to write core dump. Core dumps have been disabled. To enable core dumping, try "ulimit -c unlimited" before starting Java again
#
# If you would like to submit a bug report, please visit:
#   http://bugreport.java.com/bugreport/crash.jsp
#

---------------  T H R E A D  ---------------

Current thread (0x00007ff58002d000):  VMThread [stack: 0x0000700004909000,0x0000700004a09000] [id=11523]

siginfo: si_signo: 10 (SIGBUS), si_code: 2 (BUS_ADRERR), si_addr: 0x0000700004a08820

Registers:
RAX=0x0000000000000001, RBX=0x0000000002a00000, RCX=0x00007ff57f405950, RDX=0x0000000000000001
RSP=0x0000700004a087c8, RBP=0x000000000ef00000, RSI=0x000000010e82be20, RDI=0x00007ff57f405780
R8 =0x000000000000000c, R9 =0x0000000000000000, R10=0x000000010e816510, R11=0x00007ff57f8ccf88
R12=0x0000000000000000, R13=0x00007ff57f405780, R14=0x000000010e803830, R15=0x000000000ef00000
RIP=0x0000700004a08820, EFLAGS=0x0000000000010212, ERR=0x0000000000000015
  TRAPNO=0x000000000000000e

Top of Stack: (sp=0x0000700004a087c8)
0x0000700004a087c8:   000000010e49262b 0000000000000062
0x0000700004a087d8:   0000000000000000 460000007f4059f0
0x0000700004a087e8:   000000001e100000 000000000ef00000
0x0000700004a087f8:   00007ff57f405780 00007ff57f404100
0x0000700004a08808:   000000010e82cb00 000000001e100000
0x0000700004a08818:   000000000ef00000 0000700004a08b00
0x0000700004a08828:   000000010e4a10c0 0000000000000000
0x0000700004a08838:   0000700006960100 0000000000000000
0x0000700004a08848:   0000000000000000 0000000000000000
0x0000700004a08858:   00007ff57f50e960 09ad592e55590000
0x0000700004a08868:   0000700004a08a48 00007ff57f800100
0x0000700004a08878:   0000000000000000 0000000000000000
0x0000700004a08888:   00007ff57f40eb90 00007ff57f604360
0x0000700004a08898:   00007ff57f604370 00007ff57f604748
0x0000700004a088a8:   00000000000003d8 000000cdffffffff
0x0000700004a088b8:   0000000000000017 00000000000006b5
0x0000700004a088c8:   0000000000000a0e 0000000000000014
0x0000700004a088d8:   00007ff58002d000 00007ff57f40f010
0x0000700004a088e8:   00007ff57f40f050 00007ff57f40f060
0x0000700004a088f8:   00007ff57f40f138 00000000000000d8
0x0000700004a08908:   0000700004a08cc8 0101010101010100
0x0000700004a08918:   00007ff50000000e 000000010e5d8011
0x0000700004a08928:   00007ff57f400000 000000010e82cb18
0x0000700004a08938:   000001b349065eed 0000000000000000
0x0000700004a08948:   000001b334d37132 0000000032aaab01
0x0000700004a08958:   00007ff57f40afa0 0000000000000000
0x0000700004a08968:   00007ff57f40c170 00007ff57f6080b0
0x0000700004a08978:   000001b334c41271 00007ff57f405780
0x0000700004a08988:   0000000000000000 000000010e815510
0x0000700004a08998:   00007ff580010500 0000000010eb52e0
0x0000700004a089a8:   00000000003f6a5c 000000000ef00000
0x0000700004a089b8:   000000010e815568 0000700000000000 

Instructions: (pc=0x0000700004a08820)
0x0000700004a08800:   00 41 40 7f f5 7f 00 00 00 cb 82 0e 01 00 00 00
0x0000700004a08810:   00 00 10 1e 00 00 00 00 00 00 f0 0e 00 00 00 00
0x0000700004a08820:   00 8b a0 04 00 70 00 00 c0 10 4a 0e 01 00 00 00
0x0000700004a08830:   00 00 00 00 00 00 00 00 00 01 96 06 00 70 00 00 

Register to memory mapping:

RAX=0x0000000000000001 is an unknown value
RBX=0x0000000002a00000 is an unknown value
RCX=0x00007ff57f405950 is an unknown value
RDX=0x0000000000000001 is an unknown value
RSP=0x0000700004a087c8 is an unknown value
RBP=0x000000000ef00000 is an unknown value
RSI=0x000000010e82be20: _ZN2os3Bsd12_max_abstimeE+0 in /Applications/Android Studio.app/Contents/jre/jdk/Contents/Home/jre/lib/server/libjvm.dylib at 0x000000010e000000
RDI=0x00007ff57f405780 is an unknown value
R8 =0x000000000000000c is an unknown value
R9 =0x0000000000000000 is an unknown value
R10=0x000000010e816510: _ZN8Universe13_narrow_klassE+0 in /Applications/Android Studio.app/Contents/jre/jdk/Contents/Home/jre/lib/server/libjvm.dylib at 0x000000010e000000
R11=0x00007ff57f8ccf88 is an unknown value
R12=0x0000000000000000 is an unknown value
R13=0x00007ff57f405780 is an unknown value
R14=0x000000010e803830: AdaptiveSizeMajorGCDecayTimeScale+0 in /Applications/Android Studio.app/Contents/jre/jdk/Contents/Home/jre/lib/server/libjvm.dylib at 0x000000010e000000
R15=0x000000000ef00000 is an unknown value


Stack: [0x0000700004909000,0x0000700004a09000],  sp=0x0000700004a087c8,  free space=1021k
Native frames: (J=compiled Java code, j=interpreted, Vv=VM code, C=native code)
C  0x0000700004a08820
